0 info it worked if it ends with ok
1 verbose cli [ '/Users/ngeslin/.node/bin/node',
1 verbose cli   '/Users/ngeslin/.node/bin/npm',
1 verbose cli   'run',
1 verbose cli   'lint' ]
2 info using npm@3.7.3
3 info using node@v5.8.0
4 verbose run-script [ 'prelint', 'lint', 'postlint' ]
5 info lifecycle atc@3.0.0-beta1~prelint: atc@3.0.0-beta1
6 silly lifecycle atc@3.0.0-beta1~prelint: no script for prelint, continuing
7 info lifecycle atc@3.0.0-beta1~lint: atc@3.0.0-beta1
8 verbose lifecycle atc@3.0.0-beta1~lint: unsafe-perm in lifecycle true
9 verbose lifecycle atc@3.0.0-beta1~lint: PATH: /Users/ngeslin/.node/lib/node_modules/npm/bin/node-gyp-bin:/Users/ngeslin/Documents/www/atc/node_modules/.bin:/Users/ngeslin/.node/bin:/Users/ngeslin/.rvm/gems/ruby-2.3.0/bin:/Users/ngeslin/.rvm/gems/ruby-2.3.0@global/bin:/Users/ngeslin/.rvm/rubies/ruby-2.3.0/bin:/Users/ngeslin/.node/bin:/usr/local/bin:/usr/bin:/bin:/usr/sbin:/sbin:/usr/local/share/dotnet:/Users/ngeslin/.rvm/bin
10 verbose lifecycle atc@3.0.0-beta1~lint: CWD: /Users/ngeslin/Documents/www/atc
11 silly lifecycle atc@3.0.0-beta1~lint: Args: [ '-c', 'eslint src/assets/scripts/**/*.js' ]
12 silly lifecycle atc@3.0.0-beta1~lint: Returned: code: 1  signal: null
13 info lifecycle atc@3.0.0-beta1~lint: Failed to exec lint script
14 verbose stack Error: atc@3.0.0-beta1 lint: `eslint src/assets/scripts/**/*.js`
14 verbose stack Exit status 1
14 verbose stack     at EventEmitter.<anonymous> (/Users/ngeslin/.node/lib/node_modules/npm/lib/utils/lifecycle.js:239:16)
14 verbose stack     at emitTwo (events.js:100:13)
14 verbose stack     at EventEmitter.emit (events.js:185:7)
14 verbose stack     at ChildProcess.<anonymous> (/Users/ngeslin/.node/lib/node_modules/npm/lib/utils/spawn.js:24:14)
14 verbose stack     at emitTwo (events.js:100:13)
14 verbose stack     at ChildProcess.emit (events.js:185:7)
14 verbose stack     at maybeClose (internal/child_process.js:850:16)
14 verbose stack     at Process.ChildProcess._handle.onexit (internal/child_process.js:215:5)
15 verbose pkgid atc@3.0.0-beta1
16 verbose cwd /Users/ngeslin/Documents/www/atc
17 error Darwin 15.6.0
18 error argv "/Users/ngeslin/.node/bin/node" "/Users/ngeslin/.node/bin/npm" "run" "lint"
19 error node v5.8.0
20 error npm  v3.7.3
21 error code ELIFECYCLE
22 error atc@3.0.0-beta1 lint: `eslint src/assets/scripts/**/*.js`
22 error Exit status 1
23 error Failed at the atc@3.0.0-beta1 lint script 'eslint src/assets/scripts/**/*.js'.
23 error Make sure you have the latest version of node.js and npm installed.
23 error If you do, this is most likely a problem with the atc package,
23 error not with npm itself.
23 error Tell the author that this fails on your system:
23 error     eslint src/assets/scripts/**/*.js
23 error You can get information on how to open an issue for this project with:
23 error     npm bugs atc
23 error Or if that isn't available, you can get their info via:
23 error     npm owner ls atc
23 error There is likely additional logging output above.
24 verbose exit [ 1, true ]
